RUN	com.gatling.tests.SearchAndEditComputer	searchandeditcomputer	1641597508370	Search and Edit with Rampup and user roles	3.6.1
USER	Admins	START	1641597509712
REQUEST		Home	1641597509758	1641597509777	OK	 
USER	Users	START	1641597509902
REQUEST		Home	1641597509903	1641597509930	OK	 
USER	Users	START	1641597510686
REQUEST		Home	1641597510686	1641597510709	OK	 
USER	Users	START	1641597511687
REQUEST		Home	1641597511688	1641597511701	OK	 
USER	Admins	START	1641597511730
REQUEST		Home	1641597511730	1641597511743	OK	 
REQUEST		Search	1641597511902	1641597511906	OK	 
REQUEST		Search	1641597511937	1641597511941	OK	 
USER	Users	START	1641597512676
REQUEST		Home	1641597512676	1641597512688	OK	 
REQUEST		Search	1641597512713	1641597512717	OK	 
USER	Users	START	1641597513677
REQUEST		Home	1641597513677	1641597513690	OK	 
REQUEST		Search	1641597513705	1641597513709	OK	 
REQUEST		Search	1641597513749	1641597513753	OK	 
USER	Admins	START	1641597514676
USER	Users	START	1641597514678
REQUEST		Home	1641597514676	1641597514695	OK	 
REQUEST		Home	1641597514680	1641597514698	OK	 
REQUEST		Search	1641597514694	1641597514700	OK	 
REQUEST		Select	1641597514922	1641597514927	OK	 
REQUEST		Select	1641597514944	1641597514948	OK	 
USER	Users	START	1641597515677
REQUEST		Home	1641597515677	1641597515693	OK	 
REQUEST		Search	1641597515694	1641597515699	OK	 
REQUEST		Select	1641597515720	1641597515723	OK	 
USER	Users	START	1641597516675
USER	Admins	START	1641597516677
REQUEST		Home	1641597516675	1641597516689	OK	 
REQUEST		Home	1641597516677	1641597516691	OK	 
REQUEST		Search	1641597516700	1641597516703	OK	 
REQUEST		Search	1641597516701	1641597516705	OK	 
REQUEST		Select	1641597516712	1641597516715	OK	 
REQUEST		Select	1641597516756	1641597516759	OK	 
USER	Users	START	1641597517676
REQUEST		Home	1641597517676	1641597517692	OK	 
REQUEST		Search	1641597517696	1641597517700	OK	 
REQUEST		Select	1641597517703	1641597517706	OK	 
USER	Users	START	1641597518675
REQUEST		Home	1641597518675	1641597518687	OK	 
REQUEST		Search	1641597518693	1641597518697	OK	 
REQUEST		Search	1641597518694	1641597518702	OK	 
REQUEST		Select	1641597518706	1641597518711	OK	 
REQUEST		Edit	1641597518935	1641597518940	OK	 
REQUEST		Edit Redirect 1	1641597518951	1641597518955	OK	 
USER	Users	END	1641597518954
REQUEST		Search	1641597519695	1641597519699	OK	 
REQUEST		Select	1641597519705	1641597519708	OK	 
REQUEST		Select	1641597519707	1641597519710	OK	 
USER	Users	END	1641597519727
REQUEST		Search	1641597520689	1641597520693	OK	 
REQUEST		Select	1641597520703	1641597520706	OK	 
USER	Users	END	1641597520719
REQUEST		Edit	1641597520762	1641597520765	OK	 
REQUEST		Edit Redirect 1	1641597520766	1641597520769	OK	 
USER	Users	END	1641597521708
REQUEST		Select	1641597521706	1641597521710	OK	 
REQUEST		Select	1641597521706	1641597521713	OK	 
REQUEST		Select	1641597522701	1641597522705	OK	 
USER	Users	END	1641597522715
USER	Admins	END	1641597522959
REQUEST		Select	1641597523696	1641597523699	OK	 
USER	Users	END	1641597523712
REQUEST		Edit	1641597523711	1641597523716	OK	 
REQUEST		Edit Redirect 1	1641597523717	1641597523720	OK	 
USER	Users	END	1641597524709
USER	Admins	END	1641597524772
USER	Users	END	1641597525713
REQUEST		Edit	1641597525715	1641597525719	OK	 
REQUEST		Edit Redirect 1	1641597525720	1641597525726	OK	 
USER	Users	END	1641597526707
USER	Users	END	1641597527702
USER	Admins	END	1641597527722
USER	Admins	END	1641597529742
