RUN	test.scala.com.gatling.tests.api.PostPutDeleteAPIDemo	postputdeleteapidemo	1642659984038	Demo 7	3.6.1
USER	Update User	START	1642659985267
USER	Create User	START	1642659985259
REQUEST		update user	1642659985293	1642659985534	OK	 
REQUEST		create user req	1642659985293	1642659985525	OK	 
USER	Update User	START	1642659985737
USER	Create User	START	1642659985744
REQUEST		update user	1642659985738	1642659985962	OK	 
REQUEST		create user req	1642659985745	1642659985975	OK	 
USER	Update User	START	1642659986238
USER	Create User	START	1642659986243
REQUEST		update user	1642659986238	1642659986459	OK	 
REQUEST		create user req	1642659986244	1642659986461	OK	 
USER	Update User	END	1642659986619
USER	Create User	END	1642659986619
USER	Update User	START	1642659986738
USER	Create User	START	1642659986743
REQUEST		update user	1642659986738	1642659986944	OK	 
REQUEST		create user req	1642659986744	1642659986953	OK	 
USER	Update User	END	1642659986964
USER	Create User	END	1642659986978
USER	Update User	START	1642659987238
USER	Create User	START	1642659987244
REQUEST		update user	1642659987238	1642659987443	OK	 
REQUEST		create user req	1642659987244	1642659987449	OK	 
USER	Update User	END	1642659987462
USER	Create User	END	1642659987465
USER	Create User	START	1642659987737
USER	Update User	END	1642659987947
REQUEST		create user req	1642659987737	1642659987952	OK	 
USER	Create User	END	1642659987957
USER	Create User	START	1642659988237
USER	Update User	END	1642659988448
REQUEST		create user req	1642659988238	1642659988453	OK	 
USER	Create User	END	1642659988452
USER	Create User	START	1642659988737
USER	Create User	END	1642659988955
REQUEST		create user req	1642659988737	1642659988969	OK	 
USER	Create User	START	1642659989237
REQUEST		create user req	1642659989237	1642659989449	OK	 
USER	Create User	END	1642659989455
USER	Create User	START	1642659989736
REQUEST		create user req	1642659989737	1642659989942	OK	 
USER	Create User	END	1642659989971
USER	Create User	END	1642659990453
USER	Create User	END	1642659990945
