RUN	test.scala.com.gatling.tests.api.PostPutDeleteAPIDemo	postputdeleteapidemo	1642660280886	Demo 8	3.6.1
USER	Create User	START	1642660282103
USER	Delete User	START	1642660282178
USER	Update User	START	1642660282176
REQUEST		delete user req	1642660282180	1642660282435	OK	 
REQUEST		create user req	1642660282156	1642660282443	OK	 
REQUEST		update user req	1642660282177	1642660282426	OK	 
USER	Delete User	START	1642660282569
USER	Update User	START	1642660282571
USER	Create User	START	1642660282578
REQUEST		delete user req	1642660282570	1642660282777	OK	 
REQUEST		update user req	1642660282572	1642660282786	OK	 
REQUEST		create user req	1642660282579	1642660282800	OK	 
USER	Delete User	START	1642660283071
USER	Update User	START	1642660283072
USER	Create User	START	1642660283079
REQUEST		delete user req	1642660283072	1642660283282	OK	 
REQUEST		create user req	1642660283079	1642660283286	OK	 
REQUEST		update user req	1642660283072	1642660283303	OK	 
USER	Delete User	END	1642660283455
USER	Update User	END	1642660283502
USER	Create User	END	1642660283502
USER	Update User	START	1642660283570
USER	Create User	START	1642660283578
USER	Delete User	END	1642660283780
REQUEST		update user req	1642660283571	1642660283783	OK	 
REQUEST		create user req	1642660283578	1642660283788	OK	 
USER	Update User	END	1642660283790
USER	Create User	END	1642660283804
USER	Update User	START	1642660284071
USER	Create User	START	1642660284079
REQUEST		update user req	1642660284072	1642660284278	OK	 
REQUEST		create user req	1642660284079	1642660284282	OK	 
USER	Delete User	END	1642660284284
USER	Create User	END	1642660284288
USER	Update User	END	1642660284307
USER	Create User	START	1642660284569
REQUEST		create user req	1642660284570	1642660284791	OK	 
USER	Update User	END	1642660284789
USER	Create User	END	1642660284790
USER	Create User	START	1642660285070
USER	Update User	END	1642660285283
USER	Create User	END	1642660285283
REQUEST		create user req	1642660285071	1642660285285	OK	 
USER	Create User	START	1642660285569
REQUEST		create user req	1642660285570	1642660285772	OK	 
USER	Create User	END	1642660285794
USER	Create User	START	1642660286069
REQUEST		create user req	1642660286070	1642660286270	OK	 
USER	Create User	END	1642660286287
USER	Create User	START	1642660286570
REQUEST		create user req	1642660286571	1642660286779	OK	 
USER	Create User	END	1642660286776
USER	Create User	END	1642660287277
USER	Create User	END	1642660287786
