RUN	test.scala.com.gatling.tests.FeederDemo1	feederdemo1	1648625188751	55	3.6.1
USER	Feeder Demo 1	START	1648625189960
REQUEST		Goto Page #{page}	1648625190019	1648625190055	OK	 
REQUEST		Goto Page #{page} Redirect 1	1648625190066	1648625190071	OK	 
USER	Feeder Demo 1	START	1648625190085
REQUEST		Goto Page #{page}	1648625190086	1648625190119	OK	 
REQUEST		Goto Page #{page} Redirect 1	1648625190119	1648625190123	OK	 
USER	Feeder Demo 1	START	1648625190157
REQUEST		Goto Page #{page}	1648625190160	1648625190190	OK	 
REQUEST		Goto Page #{page} Redirect 1	1648625190190	1648625190194	OK	 
REQUEST		Goto Page #{page}	1648625191087	1648625191090	OK	 
REQUEST		Goto Page #{page} Redirect 1	1648625191090	1648625191094	OK	 
REQUEST		Goto Page #{page}	1648625191126	1648625191130	OK	 
REQUEST		Goto Page #{page} Redirect 1	1648625191130	1648625191134	OK	 
REQUEST		Goto Page #{page}	1648625191197	1648625191200	OK	 
REQUEST		Goto Page #{page} Redirect 1	1648625191200	1648625191204	OK	 
REQUEST		Goto Page #{page}	1648625192097	1648625192101	OK	 
REQUEST		Goto Page #{page} Redirect 1	1648625192101	1648625192105	OK	 
REQUEST		Goto Page #{page}	1648625192136	1648625192140	OK	 
REQUEST		Goto Page #{page} Redirect 1	1648625192142	1648625192145	OK	 
REQUEST		Goto Page #{page}	1648625192206	1648625192209	OK	 
REQUEST		Goto Page #{page} Redirect 1	1648625192210	1648625192214	OK	 
USER	Feeder Demo 1	END	1648625193110
USER	Feeder Demo 1	END	1648625193148
USER	Feeder Demo 1	END	1648625193216
