RUN	test.scala.com.gatling.tests.FeederDemo1	feederdemo1	1648625050763	55	3.6.1
USER	Feeder Demo 1	START	1648625051923
REQUEST		Goto Page #{page}	1648625051975	1648625052009	OK	 
REQUEST		Goto Page #{page} Redirect 1	1648625052032	1648625052037	OK	 
USER	Feeder Demo 1	START	1648625052007
USER	Feeder Demo 1	START	1648625052074
REQUEST		Goto Page #{page}	1648625052051	1648625052084	OK	 
REQUEST		Goto Page #{page} Redirect 1	1648625052085	1648625052089	OK	 
REQUEST		Goto Page #{page}	1648625052082	1648625052102	OK	 
REQUEST		Goto Page #{page} Redirect 1	1648625052103	1648625052109	OK	 
REQUEST		Goto Page #{page}	1648625053066	1648625053070	OK	 
REQUEST		Goto Page #{page} Redirect 1	1648625053070	1648625053073	OK	 
REQUEST		Goto Page #{page}	1648625053095	1648625053099	OK	 
REQUEST		Goto Page #{page} Redirect 1	1648625053100	1648625053103	OK	 
REQUEST		Goto Page #{page}	1648625053112	1648625053115	OK	 
REQUEST		Goto Page #{page} Redirect 1	1648625053115	1648625053119	OK	 
REQUEST		Goto Page #{page}	1648625054077	1648625054080	OK	 
REQUEST		Goto Page #{page} Redirect 1	1648625054081	1648625054084	OK	 
REQUEST		Goto Page #{page}	1648625054108	1648625054111	OK	 
REQUEST		Goto Page #{page} Redirect 1	1648625054112	1648625054115	OK	 
REQUEST		Goto Page #{page}	1648625054127	1648625054130	OK	 
REQUEST		Goto Page #{page} Redirect 1	1648625054131	1648625054134	OK	 
USER	Feeder Demo 1	END	1648625055094
USER	Feeder Demo 1	END	1648625055124
USER	Feeder Demo 1	END	1648625055138
